ERROR 2022-08-21 23:46:53,034 - Our First error Log Message
ERROR 2022-08-21 23:46:55,497 - #############tf_idf
ERROR 2022-08-21 23:46:55,497 -              doc_1     doc_2     doc_3     doc_4  ...    doc_35  doc_36  doc_37    doc_38
scrum          0.0  0.000000  0.519655  0.000000  ...  0.000000     0.0     0.0  0.000000
support        0.0  0.000000  0.000000  0.000000  ...  0.000000     0.0     0.0  0.000000
site           0.0  0.000000  0.000000  0.000000  ...  0.000000     0.0     0.0  0.000000
friendly       0.0  0.000000  0.000000  0.000000  ...  0.000000     0.0     0.0  0.000000
color          0.0  0.000000  0.000000  0.000000  ...  0.000000     0.0     0.0  0.000000
...            ...       ...       ...       ...  ...       ...     ...     ...       ...
boot           0.0  0.206615  0.000000  0.206615  ...  0.000000     0.0     0.0  0.177099
trigger        0.0  0.000000  0.000000  0.000000  ...  0.000000     0.0     0.0  0.000000
problem        0.0  0.000000  0.000000  0.000000  ...  0.000000     0.0     0.0  0.000000
development    0.0  0.000000  0.000000  0.000000  ...  0.490740     0.0     0.0  0.000000
secure         0.0  0.000000  0.000000  0.000000  ...  0.606264     0.0     0.0  0.000000

[86 rows x 38 columns]
ERROR 2022-08-21 23:46:55,543 - ##############similarity_score_df
ERROR 2022-08-21 23:46:55,544 -           doc_37    doc_38  doc_37_class  doc_38_class
doc_1   0.857143  0.251976            80            20
doc_2   0.133631  0.824958            10            80
doc_3        0.0       0.0             0             0
doc_4   0.133631  0.824958            10            80
doc_5   0.857143  0.251976            80            20
doc_6   0.133631  0.824958            10            80
doc_7   0.857143  0.251976            80            20
doc_8        0.0       0.0             0             0
doc_9        0.0       0.0             0             0
doc_10  0.133631  0.824958            10            80
doc_11  0.857143  0.251976            80            20
doc_12       0.0       0.0             0             0
doc_13  0.857143  0.251976            80            20
doc_14  0.133631  0.824958            10            80
doc_15  0.857143  0.251976            80            20
doc_16  0.133631  0.824958            10            80
doc_17       0.0       0.0             0             0
doc_18       0.0       0.0             0             0
doc_19  0.857143  0.251976            80            20
doc_20  0.133631  0.824958            10            80
doc_21       0.0       0.0             0             0
doc_22       0.0       0.0             0             0
doc_23  0.763763   0.19245            70            10
doc_24  0.133631  0.824958            10            80
doc_25  0.188982  0.166667            10            10
doc_26       0.0       0.0             0             0
doc_27  0.857143  0.251976            80            20
doc_28  0.133631  0.824958            10            80
doc_29  0.857143  0.251976            80            20
doc_30       0.0       0.0             0             0
doc_31       0.0       0.0             0             0
doc_32       0.0       0.0             0             0
doc_33  0.857143  0.251976            80            20
doc_34  0.133631  0.824958            10            80
doc_35       0.0       0.0             0             0
doc_36       0.0       0.0             0             0
ERROR 2022-08-21 23:46:55,549 - ###################topsis_criteria_df
ERROR 2022-08-21 23:46:55,550 -    doc_name  university_ranking  ...  similarity_score_1  similarity_score_2
0     doc_1                   2  ...                  80                  20
1     doc_2                   1  ...                  10                  80
2     doc_3                   2  ...                   0                   0
3     doc_4                   1  ...                  10                  80
4     doc_5                   2  ...                  80                  20
5     doc_6                   1  ...                  10                  80
6     doc_7                   2  ...                  80                  20
7     doc_8                   1  ...                   0                   0
8     doc_9                   2  ...                   0                   0
9    doc_10                   1  ...                  10                  80
10   doc_11                   2  ...                  80                  20
11   doc_12                   1  ...                   0                   0
12   doc_13                   2  ...                  80                  20
13   doc_14                   1  ...                  10                  80
14   doc_15                   2  ...                  80                  20
15   doc_16                   1  ...                  10                  80
16   doc_17                   2  ...                   0                   0
17   doc_18                   1  ...                   0                   0
18   doc_19                   2  ...                  80                  20
19   doc_20                   1  ...                  10                  80
20   doc_21                   2  ...                   0                   0
21   doc_22                   1  ...                   0                   0
22   doc_23                   2  ...                  70                  10
23   doc_24                   1  ...                  10                  80
24   doc_25                   2  ...                  10                  10
25   doc_26                   1  ...                   0                   0
26   doc_27                   2  ...                  80                  20
27   doc_28                   1  ...                  10                  80
28   doc_29                   2  ...                  80                  20
29   doc_30                   1  ...                   0                   0
30   doc_31                   2  ...                   0                   0
31   doc_32                   1  ...                   0                   0
32   doc_33                   2  ...                  80                  20
33   doc_34                   1  ...                  10                  80
34   doc_35                   2  ...                   0                   0
35   doc_36                   1  ...                   0                   0

[36 rows x 5 columns]
